<?xml version="1.0" encoding="UTF-8" ?>
<testsuite tests="20" failures="0" name="cz.muni.fi.pv168.carmanager.backend.CarManagerImplTest" time="16.184" errors="0" skipped="0">
  <properties>
    <property name="java.runtime.name" value="Java(TM) SE Runtime Environment"/>
    <property name="sun.boot.library.path" value="/home/marek/jdk1.8.0_60/jre/lib/amd64"/>
    <property name="java.vm.version" value="25.60-b23"/>
    <property name="java.vm.vendor" value="Oracle Corporation"/>
    <property name="java.vendor.url" value="http://java.oracle.com/"/>
    <property name="path.separator" value=":"/>
    <property name="guice.disable.misplaced.annotation.check" value="true"/>
    <property name="java.vm.name" value="Java HotSpot(TM) 64-Bit Server VM"/>
    <property name="file.encoding.pkg" value="sun.io"/>
    <property name="user.country" value="US"/>
    <property name="sun.java.launcher" value="SUN_STANDARD"/>
    <property name="sun.os.patch.level" value="unknown"/>
    <property name="test" value="cz.muni.fi.pv168.carmanager.backend.CarManagerImplTest"/>
    <property name="java.vm.specification.name" value="Java Virtual Machine Specification"/>
    <property name="user.dir" value="/home/marek/Downloads/CarManagerProject/CarManager-Backend"/>
    <property name="java.runtime.version" value="1.8.0_60-b27"/>
    <property name="java.awt.graphicsenv" value="sun.awt.X11GraphicsEnvironment"/>
    <property name="java.endorsed.dirs" value="/home/marek/jdk1.8.0_60/jre/lib/endorsed"/>
    <property name="os.arch" value="amd64"/>
    <property name="java.io.tmpdir" value="/tmp"/>
    <property name="line.separator" value="
"/>
    <property name="java.vm.specification.vendor" value="Oracle Corporation"/>
    <property name="os.name" value="Linux"/>
    <property name="maven.ext.class.path" value="/home/marek/netbeans-8.0.2/java/maven-nblib/netbeans-eventspy.jar:/home/marek/netbeans-8.0.2/java/maven-nblib/netbeans-eventspy.jar:/home/marek/netbeans-8.0.2/java/maven-nblib/netbeans-eventspy.jar:/home/marek/netbeans-8.0.2/java/maven-nblib/netbeans-eventspy.jar:/home/marek/netbeans-8.0.2/java/maven-nblib/netbeans-eventspy.jar"/>
    <property name="classworlds.conf" value="/home/marek/netbeans-8.0.2/java/maven/bin/m2.conf"/>
    <property name="sun.jnu.encoding" value="UTF-8"/>
    <property name="java.library.path" value="/home/marek/jdk1.8.0_60/jre/lib/amd64:/home/marek/jdk1.8.0_60/jre/lib/i386::/usr/java/packages/lib/amd64:/usr/lib64:/lib64:/lib:/usr/lib"/>
    <property name="java.specification.name" value="Java Platform API Specification"/>
    <property name="java.class.version" value="52.0"/>
    <property name="sun.management.compiler" value="HotSpot 64-Bit Tiered Compilers"/>
    <property name="os.version" value="3.19.0-51-generic"/>
    <property name="jpda.listen" value="true"/>
    <property name="jpda.address" value="46767"/>
    <property name="user.home" value="/home/marek"/>
    <property name="user.timezone" value="Europe/Bratislava"/>
    <property name="java.awt.printerjob" value="sun.print.PSPrinterJob"/>
    <property name="java.specification.version" value="1.8"/>
    <property name="file.encoding" value="UTF-8"/>
    <property name="user.name" value="marek"/>
    <property name="java.class.path" value="/home/marek/netbeans-8.0.2/java/maven/boot/plexus-classworlds-2.4.jar"/>
    <property name="maven.surefire.debug" value="-Xdebug -Xrunjdwp:transport=dt_socket,server=n,address=46767"/>
    <property name="java.vm.specification.version" value="1.8"/>
    <property name="sun.arch.data.model" value="64"/>
    <property name="java.home" value="/home/marek/jdk1.8.0_60/jre"/>
    <property name="sun.java.command" value="org.codehaus.plexus.classworlds.launcher.Launcher -Dtest=cz.muni.fi.pv168.carmanager.backend.CarManagerImplTest -DforkMode=once -Dmaven.surefire.debug=-Xdebug -Xrunjdwp:transport=dt_socket,server=n,address=46767 -Djpda.listen=true -Djpda.address=46767 -Dmaven.ext.class.path=/home/marek/netbeans-8.0.2/java/maven-nblib/netbeans-eventspy.jar:/home/marek/netbeans-8.0.2/java/maven-nblib/netbeans-eventspy.jar:/home/marek/netbeans-8.0.2/java/maven-nblib/netbeans-eventspy.jar:/home/marek/netbeans-8.0.2/java/maven-nblib/netbeans-eventspy.jar:/home/marek/netbeans-8.0.2/java/maven-nblib/netbeans-eventspy.jar surefire:test"/>
    <property name="java.specification.vendor" value="Oracle Corporation"/>
    <property name="user.language" value="en"/>
    <property name="awt.toolkit" value="sun.awt.X11.XToolkit"/>
    <property name="java.vm.info" value="mixed mode"/>
    <property name="java.version" value="1.8.0_60"/>
    <property name="java.ext.dirs" value="/home/marek/jdk1.8.0_60/jre/lib/ext:/usr/java/packages/lib/ext"/>
    <property name="securerandom.source" value="file:/dev/./urandom"/>
    <property name="sun.boot.class.path" value="/home/marek/jdk1.8.0_60/jre/lib/resources.jar:/home/marek/jdk1.8.0_60/jre/lib/rt.jar:/home/marek/jdk1.8.0_60/jre/lib/sunrsasign.jar:/home/marek/jdk1.8.0_60/jre/lib/jsse.jar:/home/marek/jdk1.8.0_60/jre/lib/jce.jar:/home/marek/jdk1.8.0_60/jre/lib/charsets.jar:/home/marek/jdk1.8.0_60/jre/lib/jfr.jar:/home/marek/jdk1.8.0_60/jre/classes"/>
    <property name="java.vendor" value="Oracle Corporation"/>
    <property name="maven.home" value="/home/marek/netbeans-8.0.2/java/maven"/>
    <property name="file.separator" value="/"/>
    <property name="java.vendor.url.bug" value="http://bugreport.sun.com/bugreport/"/>
    <property name="forkMode" value="once"/>
    <property name="sun.cpu.endian" value="little"/>
    <property name="sun.io.unicode.encoding" value="UnicodeLittle"/>
    <property name="sun.desktop" value="gnome"/>
    <property name="sun.cpu.isalist" value=""/>
  </properties>
  <testcase classname="cz.muni.fi.pv168.carmanager.backend.CarManagerImplTest" name="updateCar" time="2.907"/>
  <testcase classname="cz.muni.fi.pv168.carmanager.backend.CarManagerImplTest" name="createCarWithNullLicencePlate" time="0.082"/>
  <testcase classname="cz.muni.fi.pv168.carmanager.backend.CarManagerImplTest" name="deleteCarWhitNullCarId" time="0.082"/>
  <testcase classname="cz.muni.fi.pv168.carmanager.backend.CarManagerImplTest" name="deleteCarWhitNullCar" time="0.074"/>
  <testcase classname="cz.muni.fi.pv168.carmanager.backend.CarManagerImplTest" name="updateCarWhitNullCarID" time="0.072"/>
  <testcase classname="cz.muni.fi.pv168.carmanager.backend.CarManagerImplTest" name="createCarWithWrongLicencePlate" time="0.069"/>
  <testcase classname="cz.muni.fi.pv168.carmanager.backend.CarManagerImplTest" name="deleteCarWhitNullLicencePlate" time="0.085"/>
  <testcase classname="cz.muni.fi.pv168.carmanager.backend.CarManagerImplTest" name="createCarNull" time="0.07"/>
  <testcase classname="cz.muni.fi.pv168.carmanager.backend.CarManagerImplTest" name="getCarByIdWhitNullId" time="0.071"/>
  <testcase classname="cz.muni.fi.pv168.carmanager.backend.CarManagerImplTest" name="createCarWithExistingId" time="0.062"/>
  <testcase classname="cz.muni.fi.pv168.carmanager.backend.CarManagerImplTest" name="updateCarWhitWrongLicencePlate" time="0.073"/>
  <testcase classname="cz.muni.fi.pv168.carmanager.backend.CarManagerImplTest" name="updateCarWhitNullLicencePlate" time="0.071"/>
  <testcase classname="cz.muni.fi.pv168.carmanager.backend.CarManagerImplTest" name="deleteCar" time="0.154"/>
  <testcase classname="cz.muni.fi.pv168.carmanager.backend.CarManagerImplTest" name="deleteCarWhitNegativeId" time="11.515"/>
  <testcase classname="cz.muni.fi.pv168.carmanager.backend.CarManagerImplTest" name="getAllCars" time="0.179"/>
  <testcase classname="cz.muni.fi.pv168.carmanager.backend.CarManagerImplTest" name="getAllCarsByBrant" time="0.137"/>
  <testcase classname="cz.muni.fi.pv168.carmanager.backend.CarManagerImplTest" name="createCar" time="0.076"/>
  <testcase classname="cz.muni.fi.pv168.carmanager.backend.CarManagerImplTest" name="getCarById" time="0.074"/>
  <testcase classname="cz.muni.fi.pv168.carmanager.backend.CarManagerImplTest" name="updateCarWhitNullCar" time="0.057"/>
  <testcase classname="cz.muni.fi.pv168.carmanager.backend.CarManagerImplTest" name="deleteCarWhitWrongLicencePlate" time="0.058"/>
</testsuite>